[Breakpoint 0]
Enabled=true
File=sa3common.c
Line=66
Temporary=false

[Breakpoint 1]
Enabled=true
File=sa3test.c
Line=278
Temporary=false

[Breakpoint 2]
Enabled=true
File=sa3test.c
Line=26
Temporary=false

[Environment]
Value0=/usr/local/BerkeleyDB.5.1/lib
Var0=LD_LIBRARY_PATH

[General]
DebuggerCmdStr=
DriverName=GDB
FileVersion=1
OptionsSelected=
ProgramArgs=
TTYLevel=7
WorkingDirectory=/home/fedor/Documents/sa3-arch-in-plain-c

[Memory]
ColumnWidths=108,38
Expression1=0x8052320
Expression2=0x8052330
Expression3=0x8052321
Format1=17
Format2=17
Format3=17
NumExprs=3
